Using pre-set license
Built from '2022.3/staging' branch; Version is '2022.3.14f1 (eff2de9070d8) revision 15725278'; Using compiler version '192829333'; Build Type 'Release'
OS: 'Windows 11  (10.0.22621) 64bit Core' Language: 'en' Physical Memory: 32620 MB
BatchMode: 1, IsHumanControllingUs: 0, StartBugReporterOnCrash: 0, Is64bit: 1, IsPro: 1

COMMAND LINE ARGUMENTS:
C:\Program Files\Unity\Hub\Editor\2022.3.14f1\Editor\Unity.exe
-adb2
-batchMode
-noUpm
-name
AssetImportWorker5
-projectPath
C:/Users/vania/Desktop/viko_Casino/vikoCasinoUnity
-logFile
Logs/AssetImportWorker5.log
-srvPort
53738
Successfully changed project path to: C:/Users/vania/Desktop/viko_Casino/vikoCasinoUnity
C:/Users/vania/Desktop/viko_Casino/vikoCasinoUnity
[UnityMemory] Configuration Parameters - Can be set up in boot.config
    "memorysetup-bucket-allocator-granularity=16"
    "memorysetup-bucket-allocator-bucket-count=8"
    "memorysetup-bucket-allocator-block-size=33554432"
    "memorysetup-bucket-allocator-block-count=8"
    "memorysetup-main-allocator-block-size=16777216"
    "memorysetup-thread-allocator-block-size=16777216"
    "memorysetup-gfx-main-allocator-block-size=16777216"
    "memorysetup-gfx-thread-allocator-block-size=16777216"
    "memorysetup-cache-allocator-block-size=4194304"
    "memorysetup-typetree-allocator-block-size=2097152"
    "memorysetup-profiler-bucket-allocator-granularity=16"
    "memorysetup-profiler-bucket-allocator-bucket-count=8"
    "memorysetup-profiler-bucket-allocator-block-size=33554432"
    "memorysetup-profiler-bucket-allocator-block-count=8"
    "memorysetup-profiler-allocator-block-size=16777216"
    "memorysetup-profiler-editor-allocator-block-size=1048576"
    "memorysetup-temp-allocator-size-main=16777216"
    "memorysetup-job-temp-allocator-block-size=2097152"
    "memorysetup-job-temp-allocator-block-size-background=1048576"
    "memorysetup-job-temp-allocator-reduction-small-platforms=262144"
    "memorysetup-allocator-temp-initial-block-size-main=262144"
    "memorysetup-allocator-temp-initial-block-size-worker=262144"
    "memorysetup-temp-allocator-size-background-worker=32768"
    "memorysetup-temp-allocator-size-job-worker=262144"
    "memorysetup-temp-allocator-size-preload-manager=33554432"
    "memorysetup-temp-allocator-size-nav-mesh-worker=65536"
    "memorysetup-temp-allocator-size-audio-worker=65536"
    "memorysetup-temp-allocator-size-cloud-worker=32768"
    "memorysetup-temp-allocator-size-gi-baking-worker=262144"
    "memorysetup-temp-allocator-size-gfx=262144"
Player connection [20236] Host "[IP] 192.168.0.41 [Port] 0 [Flags] 2 [Guid] 3002597569 [EditorId] 3002597569 [Version] 1048832 [Id] WindowsEditor(7,stylew8) [Debug] 1 [PackageName] WindowsEditor [ProjectName] Editor" joined multi-casting on [225.0.0.222:54997]...

Player connection [20236] Host "[IP] 192.168.0.41 [Port] 0 [Flags] 2 [Guid] 3002597569 [EditorId] 3002597569 [Version] 1048832 [Id] WindowsEditor(7,stylew8) [Debug] 1 [PackageName] WindowsEditor [ProjectName] Editor" joined alternative multi-casting on [225.0.0.222:34997]...

[Physics::Module] Initialized MultithreadedJobDispatcher with 15 workers.
Refreshing native plugins compatible for Editor in 8.18 ms, found 4 plugins.
Preloading 0 native plugins for Editor in 0.00 ms.
Initialize engine version: 2022.3.14f1 (eff2de9070d8)
[Subsystems] Discovering subsystems at path C:/Program Files/Unity/Hub/Editor/2022.3.14f1/Editor/Data/Resources/UnitySubsystems
[Subsystems] Discovering subsystems at path C:/Users/vania/Desktop/viko_Casino/vikoCasinoUnity/Assets
GfxDevice: creating device client; threaded=0; jobified=0
Direct3D:
    Version:  Direct3D 11.0 [level 11.1]
    Renderer: NVIDIA GeForce RTX 3060 (ID=0x2487)
    Vendor:   NVIDIA
    VRAM:     12138 MB
    Driver:   30.0.14.7212
Initialize mono
Mono path[0] = 'C:/Program Files/Unity/Hub/Editor/2022.3.14f1/Editor/Data/Managed'
Mono path[1] = 'C:/Program Files/Unity/Hub/Editor/2022.3.14f1/Editor/Data/MonoBleedingEdge/lib/mono/unityjit-win32'
Mono config path = 'C:/Program Files/Unity/Hub/Editor/2022.3.14f1/Editor/Data/MonoBleedingEdge/etc'
Using monoOptions --debugger-agent=transport=dt_socket,embedding=1,server=y,suspend=n,address=127.0.0.1:56632
Begin MonoManager ReloadAssembly
Registering precompiled unity dll's ...
Register platform support module: C:/Program Files/Unity/Hub/Editor/2022.3.14f1/Editor/Data/PlaybackEngines/WindowsStandaloneSupport/UnityEditor.WindowsStandalone.Extensions.dll
Registered in 0.004183 seconds.
- Loaded All Assemblies, in  0.300 seconds
Native extension for WindowsStandalone target not found
Mono: successfully reloaded assembly
- Finished resetting the current domain, in  0.254 seconds
Domain Reload Profiling: 553ms
	BeginReloadAssembly (90ms)
		ExecutionOrderSort (0ms)
		DisableScriptedObjects (0ms)
		BackupInstance (0ms)
		ReleaseScriptingObjects (0ms)
		CreateAndSetChildDomain (1ms)
	RebuildCommonClasses (30ms)
	RebuildNativeTypeToScriptingClass (10ms)
	initialDomainReloadingComplete (48ms)
	LoadAllAssembliesAndSetupDomain (119ms)
		LoadAssemblies (89ms)
		RebuildTransferFunctionScriptingTraits (0ms)
		AnalyzeDomain (118ms)
			TypeCache.Refresh (116ms)
				TypeCache.ScanAssembly (103ms)
			ScanForSourceGeneratedMonoScriptInfo (0ms)
			ResolveRequiredComponents (0ms)
	FinalizeReload (255ms)
		ReleaseScriptCaches (0ms)
		RebuildScriptCaches (0ms)
		SetupLoadedEditorAssemblies (186ms)
			LogAssemblyErrors (0ms)
			InitializePlatformSupportModulesInManaged (8ms)
			SetLoadedEditorAssemblies (7ms)
			RefreshPlugins (0ms)
			BeforeProcessingInitializeOnLoad (2ms)
			ProcessInitializeOnLoadAttributes (122ms)
			ProcessInitializeOnLoadMethodAttributes (45ms)
			AfterProcessingInitializeOnLoad (0ms)
			EditorAssembliesLoaded (0ms)
		ExecutionOrderSort2 (0ms)
		AwakeInstancesAfterBackupRestoration (0ms)
========================================================================
Worker process is ready to serve import requests
Begin MonoManager ReloadAssembly
- Loaded All Assemblies, in  0.545 seconds
Refreshing native plugins compatible for Editor in 3.34 ms, found 4 plugins.
Native extension for WindowsStandalone target not found
Package Manager log level set to [2]
[Package Manager] Server::EnsureServerProcessIsRunning -- launch failed, reason: Unity was launched with the -noUpm command-line argument
[Package Manager] UpmClient::Send -- Unable to send message (not connected to UPM process).
[Package Manager] Cannot connect to Unity Package Manager local server
Mono: successfully reloaded assembly
- Finished resetting the current domain, in  0.575 seconds
Domain Reload Profiling: 1119ms
	BeginReloadAssembly (134ms)
		ExecutionOrderSort (0ms)
		DisableScriptedObjects (8ms)
		BackupInstance (0ms)
		ReleaseScriptingObjects (0ms)
		CreateAndSetChildDomain (17ms)
	RebuildCommonClasses (31ms)
	RebuildNativeTypeToScriptingClass (10ms)
	initialDomainReloadingComplete (37ms)
	LoadAllAssembliesAndSetupDomain (330ms)
		LoadAssemblies (249ms)
		RebuildTransferFunctionScriptingTraits (0ms)
		AnalyzeDomain (154ms)
			TypeCache.Refresh (128ms)
				TypeCache.ScanAssembly (115ms)
			ScanForSourceGeneratedMonoScriptInfo (20ms)
			ResolveRequiredComponents (5ms)
	FinalizeReload (576ms)
		ReleaseScriptCaches (0ms)
		RebuildScriptCaches (0ms)
		SetupLoadedEditorAssemblies (413ms)
			LogAssemblyErrors (0ms)
			InitializePlatformSupportModulesInManaged (5ms)
			SetLoadedEditorAssemblies (3ms)
			RefreshPlugins (0ms)
			BeforeProcessingInitializeOnLoad (60ms)
			ProcessInitializeOnLoadAttributes (307ms)
			ProcessInitializeOnLoadMethodAttributes (33ms)
			AfterProcessingInitializeOnLoad (4ms)
			EditorAssembliesLoaded (0ms)
		ExecutionOrderSort2 (0ms)
		AwakeInstancesAfterBackupRestoration (6ms)
Launched and connected shader compiler UnityShaderCompiler.exe after 0.03 seconds
Refreshing native plugins compatible for Editor in 3.11 ms, found 4 plugins.
Preloading 0 native plugins for Editor in 0.00 ms.
Unloading 4167 Unused Serialized files (Serialized files now loaded: 0)
Unloading 70 unused Assets / (244.7 KB). Loaded Objects now: 4627.
Memory consumption went from 172.5 MB to 172.3 MB.
Total: 3.228000 ms (FindLiveObjects: 0.281600 ms CreateObjectMapping: 0.121900 ms MarkObjects: 2.645800 ms  DeleteObjects: 0.177900 ms)

AssetImportParameters requested are different than current active one (requested -> active):
  custom:scripting/monoscript/fileName/WindowManagerEditor.cs: fe249f63995bb7667ac1de21f033c574 -> 
  custom:scripting/monoscript/fileName/DropdownMultiSelect.cs: 6c6a0f51a9bba41787144867dbb3bb6c -> 
  custom:scripting/monoscript/fileName/SliderInput.cs: e9a85ad2622accfac05c71b7eccd5679 -> 
  custom:container-demuxer-ogg: 62fdf1f143b41e24485cea50d1cbac27 -> 
  custom:scripting/monoscript/fileName/NotificationManagerEditor.cs: 1acec1cd994be309b50a11df2439efdc -> 
  custom:scripting/monoscript/fileName/RadialLayoutGroupEditor.cs: 6fccddb14625d7835c01ff53e0711927 -> 
  custom:scripting/monoscript/fileName/ListViewEditor.cs: 0f33d6d8b8e55c07c5d298ca400951d0 -> 
  custom:scripting/monoscript/fileName/UIManagerAnimatedIcon.cs: e136d2759f14e64480262b4bce4b23a8 -> 
  custom:scripting/monoscript/fileName/ContextMenuManagerEditor.cs: 00d89286266289adcf1c6481d743a0ce -> 
  custom:video-codec-MediaFoundation-h265: 746d11721c4dcdbdad8f713fa42b33f4 -> 
  custom:scripting/monoscript/fileName/UIManagerSlider.cs: 37b30cffe5cd378f0c9b9bc13010c565 -> 
  custom:scripting/monoscript/fileName/UIManagerHSelector.cs: b541f143a6ca67bd7b512640ae9e299d -> 
  custom:video-decoder-ogg-theora: a1e56fd34408186e4bbccfd4996cb3dc -> 
  custom:scripting/monoscript/fileName/UIManagerPieChart.cs: de27b56af654b5bdb55fc7f67889287e -> 
  custom:scripting/monoscript/fileName/Ripple.cs: 5baf70fccdbf91fa73d17c3b17a4b6a0 -> 
  custom:scripting/monoscript/fileName/SliderManagerEditor.cs: 4ee7a935df5df34cc1afc54b82e6bb3d -> 
  custom:framework-win-MediaFoundation: 216162199b28c13a410421893ffa2e32 -> 
  custom:scripting/monoscript/fileName/WindowManagerButton.cs: b312917fda28dc6d11168e90fb790aac -> 
  custom:scripting/monoscript/fileName/ListViewItem.cs: 0805a72e94bf8dcf9498f69e77a3deab -> 
  custom:scripting/monoscript/fileName/DemoElementSway.cs: 305df2a284479759fe805c52b064e060 -> 
  custom:scripting/monoscript/fileName/PieChart.cs: 92ea6e3582cb258e2df9d04fee47d40d -> 
  custom:scripting/monoscript/fileName/ProgressBar.cs: f407f782b15c0eb6022156a64022424a -> 
  custom:scripting/monoscript/fileName/ButtonManagerEditor.cs: 7d3a916fa38bc013bbb7cfe0f8fdd395 -> 
  custom:scripting/monoscript/fileName/InputSystemChecker.cs: dfbedf9c7dc64200d8b00e34025ff196 -> 
  custom:CustomObjectIndexerAttribute: 756ad292c208cfabdd7b50bc23989ffe -> 
  custom:scripting/monoscript/fileName/UIManagerNotification.cs: 0f1aee87788724ceb6409b4ef5a57d67 -> 
  custom:scripting/monoscript/fileName/UIManagerProgressBar.cs: e1184a6aee74daaac50a4194d46b9d16 -> 
  custom:scripting/monoscript/fileName/DemoListShadow.cs: 94e75c11ab5d03adc2d81f0e25e384a9 -> 
  custom:scripting/monoscript/fileName/UIManager.cs: 52fcef2a5add4e1cd44156ebe6652632 -> 
  custom:container-demuxer-webm: 4f35f7cbe854078d1ac9338744f61a02 -> 
  custom:scripting/monoscript/fileName/ProgressBarEditor.cs: 67491710884deae496e7e7ade6626090 -> 
  custom:scripting/monoscript/fileName/ContextMenuSubMenu.cs: e896ff425bfbcddb8256aea251dea717 -> 
  custom:scripting/monoscript/fileName/IconLibraryEditor.cs: ffba75cf036a7bb23f71b3e93fdd3ac6 -> 
  custom:scripting/monoscript/fileName/MUIPInternalTools.cs: 68e713a2ff6d425e04ea639eee0e705b -> 
  custom:scripting/monoscript/fileName/RangeMinSlider.cs: 3e448700853219e9ec1456cee6eb1be1 -> 
  custom:scripting/monoscript/fileName/UIManagerToggle.cs: 6a0684bd961335534b2ccaf5e850279b -> 
  custom:scripting/monoscript/fileName/LayoutGroupFix.cs: 55ce691cb39068531cce772a37032883 -> 
  custom:scripting/monoscript/fileName/UIGradient.cs: 7edd4dac474c47db1e4807c6279d58c5 -> 
  custom:scripting/monoscript/fileName/IconLibrary.cs: 9454532ed825239a4ca8839d1f7788a4 -> 
  custom:scripting/monoscript/fileName/ContextMenuContentEditor.cs: a8d9e092c11b05560efb934ac9cbfebb -> 
  custom:scripting/monoscript/fileName/NotificationStacking.cs: 48694261120715090b3b085c25b7d0b1 -> 
  custom:scripting/monoscript/fileName/IconManagerEditor.cs: 5057aee58ecee893661a7c6aab07fdc4 -> 
  custom:scripting/monoscript/fileName/AnimatedIconHandler.cs: a7dd0fe46406f8502dc56856162bd768 -> 
  custom:scripting/monoscript/fileName/WindowManager.cs: 36253b1c4e478bc5404b6d0a891ed7f4 -> 
  custom:scripting/monoscript/fileName/LaunchURL.cs: 09d8c0dfecf4407ea55fa76fa8d58faa -> 
  custom:container-muxer-webm: aa71ff27fc2769a1b78a27578f13a17b -> 
  custom:scripting/monoscript/fileName/UIManagerSwitch.cs: 682973ce071df9afbc36c02d7207fc50 -> 
  custom:scripting/monoscript/fileName/ModalWindowManager.cs: 2b55da735d5b86cb02f1fd9ed165da88 -> 
  custom:scripting/monoscript/fileName/DemoElementSwayParent.cs: c0c3b5e3deb793a23ac83c5076d84f20 -> 
  custom:scripting/monoscript/fileName/UIManagerWindowManager.cs: a364dfc4c4e7fab4613b70c2a6dcb3f9 -> 
  custom:video-decoder-webm-vp8: 9c59270c3fd7afecdb556c50c9e8de78 -> 
  custom:scripting/monoscript/fileName/ListViewRow.cs: bdfc68c24914494687d644af5dff0161 -> 
  custom:scripting/monoscript/fileName/CustomInputField.cs: cf22ffc9519e3368e403e41fd955188c -> 
  custom:SearchIndexIgnoredProperties: e643bd26f0fe6173181afceb89e7c659 -> 
  custom:AudioImporter_EditorPlatform: d09bf68614088b80899f8185d706f6e7 -> 
  custom:scripting/monoscript/fileName/IconManager.cs: cff226546de2bd55c6a35983240000b9 -> 
  custom:scripting/monoscript/fileName/UIManagerTooltip.cs: 7726d4970d28db605d6f7c52b579b360 -> 
  custom:scripting/monoscript/fileName/RadialLayoutGroup.cs: 4e376aaadc8dc6cef7e2aae5c1701956 -> 
  custom:scripting/monoscript/fileName/UIManagerSliderEditor.cs: 98e07ab9b110081798e3ea5667b05b31 -> 
  custom:scripting/monoscript/fileName/RangeMaxSlider.cs: 49fa7b6f645f9e238900c44f370a283e -> 
  custom:scripting/monoscript/fileName/RangeSlider.cs: 1a604149f208a9c97529e8f4f1761872 -> 
  custom:scripting/monoscript/fileName/UIManagerContextMenu.cs: 879b7eab4c325db93a654f07abad337b -> 
  custom:scripting/monoscript/fileName/WindowDragger.cs: 13d63a42a106a6ec50b59a20508dbb8f -> 
  custom:scripting/monoscript/fileName/CustomToggle.cs: 968fdabf9c91d59c50ccc9016ad8af0f -> 
  custom:scripting/monoscript/fileName/UIManagerEditor.cs: fd51ab28ea10fecb53ab8eabf14820e1 -> 
  custom:scripting/monoscript/fileName/UIManagerProgressBarLoopEditor.cs: 370f7ac06dd43706cd38c43f035e19f5 -> 
  custom:scripting/monoscript/fileName/UIManagerDropdownItem.cs: 7a9da2034faabfed56bfa7cf80d6b163 -> 
  custom:scripting/monoscript/fileName/UIManagerButton.cs: 727b068dd7d65567e7467c5618944b7c -> 
  custom:scripting/monoscript/fileName/NotificationManager.cs: 3a7a9ad6e15e564f19e480254f13c8b6 -> 
  custom:scripting/monoscript/fileName/ListView.cs: a258ab2c5d9d0ffb502249c37a2d9ce2 -> 
  custom:scripting/monoscript/fileName/ContextMenuManager.cs: 28466459ea403b27d42cd7bdfea7d601 -> 
  custom:scripting/monoscript/fileName/ButtonManager.cs: 63e01ce85bc61ff2560164a1ba8146dd -> 
  custom:scripting/monoscript/fileName/RadialSliderEditor.cs: b06c94f8797cc02550bf843e4f314200 -> 
  custom:scripting/monoscript/fileName/UIManagerButtonEditor.cs: 08491d0b8d19abf8d882ee9f2ba234c0 -> 
  custom:scripting/monoscript/fileName/TooltipManagerEditor.cs: e5595e8435dbc9b216ff1ea1b18a3faa -> 
  custom:scripting/monoscript/fileName/CustomDropdown.cs: c16da5c436de40516ef695dfc0b061b8 -> 
  custom:scripting/monoscript/fileName/TooltipManager.cs: 20227a95e2874cf0a5c487c41cd6f9ca -> 
  custom:scripting/monoscript/fileName/UIManagerInputField.cs: 9be5d468c89247113de49aeb074baeef -> 
  custom:scripting/monoscript/fileName/RadialSlider.cs: b6d2aab203f9d3424ea935058e916189 -> 
  custom:scripting/monoscript/fileName/CustomDropdownEditor.cs: b4478dcd47636442ece28f825be866f9 -> 
  custom:video-encoder-webm-vp8: eb34c28f22e8b96e1ab97ce403110664 -> 
  custom:scripting/monoscript/fileName/HorizontalSelector.cs: 1c9e72a8ee4b588c5523cb6d3bafd701 -> 
  custom:audio-decoder-ogg-vorbis: bf7c407c2cedff20999df2af8eb42d56 -> 
  custom:scripting/monoscript/fileName/MUIPEditorHandler.cs: 1718a69b1b979b847e0a8bd8bb0e3b3e -> 
  custom:scripting/monoscript/fileName/UIGradientEditor.cs: 1022cebf4b6542e1e38f58c37c7038f7 -> 
  custom:scripting/monoscript/fileName/TooltipContent.cs: ca2aafc8684cfdd7e8b4b68ede75a94e -> 
  custom:scripting/monoscript/fileName/UIManagerProgressBarLoop.cs: f7719135ae7e135e7a3f682e471a51af -> 
  custom:scripting/monoscript/fileName/DropdownMultiSelectEditor.cs: 2f9790c7d7eaccf12745bd35f7b06db2 -> 
  custom:scripting/monoscript/fileName/PBFilled.cs: d61258f8a6a151c0c3a2207dcce7ad34 -> 
  custom:scripting/monoscript/fileName/ModalWindowManagerEditor.cs: 75d6b3a4db01b9aaa3e24d193ef87a35 -> 
  custom:scripting/monoscript/fileName/SliderManager.cs: d340fcd5912e34fcfe35fc33e7e08882 -> 
  custom:scripting/monoscript/fileName/PieChartEditor.cs: 8e9ee9cd4013ee84fd78a56556961d33 -> 
  custom:scripting/monoscript/fileName/ContextMenuContent.cs: 320e883d49df3ac74fe1b82914eef9c4 -> 
  custom:scripting/monoscript/fileName/InitMUIP.cs: a13846bd0c15769396e4427b79728543 -> 
  custom:scripting/monoscript/fileName/SwitchManager.cs: bc755452dcfbb186db7f8dfd47c7b580 -> 
  custom:audio-encoder-webm-vorbis: bf7c407c2cedff20999df2af8eb42d56 -> 
  custom:scripting/monoscript/fileName/UIManagerModalWindow.cs: ae69cff256320d1b263b3a1dcc3b6df1 -> 
  custom:scripting/monoscript/fileName/ContextMenuContentMobile.cs: d2dd58c69b94c972cad5087fc036d726 -> 
  custom:scripting/monoscript/fileName/UIManagerDropdown.cs: d8e51f9ac1641285f427cb92068d2ce8 -> 
  custom:scripting/monoscript/fileName/SwitchManagerEditor.cs: 480988f26130e788b94a3e512c0576b9 -> 
  custom:scripting/monoscript/fileName/ContextMenu.cs: 21cb91da70c1c1241444bce744986f69 -> 
  custom:scripting/monoscript/fileName/UIManagerScrollbar.cs: 14e75fe52623f3f6aeb6928922de3b28 -> 
  custom:scripting/monoscript/fileName/HorizontalSelectorEditor.cs: 5dc35efac61d755b645f18a87d88720f -> 
========================================================================
Received Import Request.
  Time since last request: 16872.333438 seconds.
  path: Assets/Roulette/Source/fbx/groundPlane.fbx
  artifactKey: Guid(6e760abbb0559b644a919bdaf3f5eb9d) Importer(815301076,1909f56bfc062723c751e8b465ee728b)
Start importing Assets/Roulette/Source/fbx/groundPlane.fbx using Guid(6e760abbb0559b644a919bdaf3f5eb9d) Importer(815301076,1909f56bfc062723c751e8b465ee728b)  -> (artifact id: '4186ea11e071e3d90efec2ba3b9def22') in 0.148845 seconds
Number of updated asset objects reloaded before import = 0
Number of asset objects unloaded after import = 8
========================================================================
Received Import Request.
  Time since last request: 2.355639 seconds.
  path: Assets/Roulette/Prefabs/Chips/chip_25.prefab
  artifactKey: Guid(694e434c05f4ea346a9b88eb13fdfca3) Importer(815301076,1909f56bfc062723c751e8b465ee728b)
Start importing Assets/Roulette/Prefabs/Chips/chip_25.prefab using Guid(694e434c05f4ea346a9b88eb13fdfca3) Importer(815301076,1909f56bfc062723c751e8b465ee728b)  -> (artifact id: '390128a930ececd58b6c7b74f65f9efa') in 0.009710 seconds
Number of updated asset objects reloaded before import = 0
Number of asset objects unloaded after import = 9
========================================================================
Received Import Request.
  Time since last request: 0.000014 seconds.
  path: Assets/Roulette/Prefabs/Chips/chip_1000.prefab
  artifactKey: Guid(2195e268db36d164f99df4d1d4d7dfc5) Importer(815301076,1909f56bfc062723c751e8b465ee728b)
Start importing Assets/Roulette/Prefabs/Chips/chip_1000.prefab using Guid(2195e268db36d164f99df4d1d4d7dfc5) Importer(815301076,1909f56bfc062723c751e8b465ee728b)  -> (artifact id: '7350e342c3bb106213c242b56785eead') in 0.011837 seconds
Number of updated asset objects reloaded before import = 0
Number of asset objects unloaded after import = 9
Editor requested this worker to shutdown with reason: Scaling down because of idle timeout
TcpMessagingSession - receive error: operation aborted. errorcode: 995, details: The I/O operation has been aborted because of either a thread exit or an application request.
AssetImportWorker is now disconnected from the server
Process exiting
Exiting without the bug reporter. Application will terminate with return code 0